[2020-09-29 11:39:43,784] multiqc                                            [DEBUG  ]  No MultiQC config found: /ifs/obds-training/sep20/andres/conda/obds_conda/envs/obds-py3/lib/python3.6/site-packages/multiqc_config.yaml
[2020-09-29 11:39:43,784] multiqc                                            [DEBUG  ]  No MultiQC config found: /ifs/home/andres/.multiqc_config.yaml
[2020-09-29 11:39:43,784] multiqc                                            [DEBUG  ]  No MultiQC config found: multiqc_config.yaml
[2020-09-29 11:39:43,785] multiqc                                            [DEBUG  ]  Command used: /ifs/obds-training/sep20/andres/conda/obds_conda/envs/obds-py3/bin/multiqc -f -n fastqc/multiqc_report.html fastqc
[2020-09-29 11:39:54,164] multiqc                                            [DEBUG  ]  Latest MultiQC version is v1.9
[2020-09-29 11:39:54,164] multiqc                                            [INFO   ]  This is MultiQC v1.9
[2020-09-29 11:39:54,164] multiqc                                            [DEBUG  ]  Command     : /ifs/obds-training/sep20/andres/conda/obds_conda/envs/obds-py3/bin/multiqc -f -n fastqc/multiqc_report.html fastqc
[2020-09-29 11:39:54,164] multiqc                                            [DEBUG  ]  Working dir : /ifs/obds-training/sep20/andres/pipeline/rnaseq_pipeline
[2020-09-29 11:39:54,165] multiqc                                            [INFO   ]  Template    : default
[2020-09-29 11:39:54,165] multiqc                                            [DEBUG  ]  Running Python 3.6.11 | packaged by conda-forge | (default, Aug  5 2020, 20:06:33)  [GCC 7.5.0]
[2020-09-29 11:39:54,165] multiqc                                            [INFO   ]  Searching   : /ifs/obds-training/sep20/andres/pipeline/rnaseq_pipeline/fastqc
[2020-09-29 11:39:54,165] multiqc                                            [DEBUG  ]  Analysing modules: custom_content, conpair, peddy, somalier, methylQA, mosdepth, phantompeakqualtools, qualimap, preseq, quast, qorts, rna_seqc, rockhopper, rsem, rseqc, busco, goleft_indexcov, disambiguate, supernova, deeptools, sargasso, verifybamid, mirtrace, happy, mirtop, homer, macs2, theta2, snpeff, gatk, htseq, bcftools, featureCounts, fgbio, dragen, dedup, damageprofiler, biobambam2, mtnucratio, picard, prokka, samblaster, samtools, sexdeterrmine, bamtools, jellyfish, vcftools, longranger, stacks, varscan2, bbmap, bismark, biscuit, hicexplorer, hicup, hicpro, salmon, kallisto, slamdunk, star, hisat2, tophat, bowtie2, bowtie1, snpsplit, kat, leehom, adapterRemoval, clipandmerge, cutadapt, flexbar, kaiju, kraken, malt, trimmomatic, sickle, skewer, sortmerna, biobloomtools, fastq_screen, afterqc, fastp, fastqc, pycoqc, minionqc, multivcfanalyzer, clusterflow, bcl2fastq, interop, ivar, flash, seqyclean
[2020-09-29 11:39:54,165] multiqc                                            [DEBUG  ]  Using temporary directory for creating report: /tmp/andres/ctmph1evxw1j/tmpnbrs9q34
[2020-09-29 11:39:54,292] multiqc                                            [DEBUG  ]  File ignored by hicexplorer because it exceeded search pattern filesize limit: ERR1755084_1_test_fastqc.html
[2020-09-29 11:39:54,299] multiqc                                            [DEBUG  ]  File ignored by longranger/invocation because it exceeded search pattern filesize limit: ERR1755084_1_test_fastqc.html
[2020-09-29 11:39:54,299] multiqc                                            [DEBUG  ]  File ignored by rockhopper because it exceeded search pattern filesize limit: ERR1755084_1_test_fastqc.html
[2020-09-29 11:39:54,299] multiqc                                            [DEBUG  ]  File ignored by rseqc/bam_stat because it exceeded search pattern filesize limit: ERR1755084_1_test_fastqc.html
[2020-09-29 11:39:54,299] multiqc                                            [DEBUG  ]  File ignored by rseqc/junction_annotation because it exceeded search pattern filesize limit: ERR1755084_1_test_fastqc.html
[2020-09-29 11:39:54,299] multiqc                                            [DEBUG  ]  File ignored by rseqc/read_distribution because it exceeded search pattern filesize limit: ERR1755084_1_test_fastqc.html
[2020-09-29 11:39:54,300] multiqc                                            [DEBUG  ]  File ignored by rseqc/infer_experiment because it exceeded search pattern filesize limit: ERR1755084_1_test_fastqc.html
[2020-09-29 11:39:54,376] multiqc                                            [DEBUG  ]  File ignored by hicexplorer because it exceeded search pattern filesize limit: ERR1755087_2_test_fastqc.html
[2020-09-29 11:39:54,382] multiqc                                            [DEBUG  ]  File ignored by longranger/invocation because it exceeded search pattern filesize limit: ERR1755087_2_test_fastqc.html
[2020-09-29 11:39:54,382] multiqc                                            [DEBUG  ]  File ignored by rockhopper because it exceeded search pattern filesize limit: ERR1755087_2_test_fastqc.html
[2020-09-29 11:39:54,382] multiqc                                            [DEBUG  ]  File ignored by rseqc/bam_stat because it exceeded search pattern filesize limit: ERR1755087_2_test_fastqc.html
[2020-09-29 11:39:54,382] multiqc                                            [DEBUG  ]  File ignored by rseqc/junction_annotation because it exceeded search pattern filesize limit: ERR1755087_2_test_fastqc.html
[2020-09-29 11:39:54,383] multiqc                                            [DEBUG  ]  File ignored by rseqc/read_distribution because it exceeded search pattern filesize limit: ERR1755087_2_test_fastqc.html
[2020-09-29 11:39:54,383] multiqc                                            [DEBUG  ]  File ignored by rseqc/infer_experiment because it exceeded search pattern filesize limit: ERR1755087_2_test_fastqc.html
[2020-09-29 11:39:54,459] multiqc                                            [DEBUG  ]  File ignored by hicexplorer because it exceeded search pattern filesize limit: ERR1755082_2_test_fastqc.html
[2020-09-29 11:39:54,465] multiqc                                            [DEBUG  ]  File ignored by longranger/invocation because it exceeded search pattern filesize limit: ERR1755082_2_test_fastqc.html
[2020-09-29 11:39:54,465] multiqc                                            [DEBUG  ]  File ignored by rockhopper because it exceeded search pattern filesize limit: ERR1755082_2_test_fastqc.html
[2020-09-29 11:39:54,465] multiqc                                            [DEBUG  ]  File ignored by rseqc/bam_stat because it exceeded search pattern filesize limit: ERR1755082_2_test_fastqc.html
[2020-09-29 11:39:54,465] multiqc                                            [DEBUG  ]  File ignored by rseqc/junction_annotation because it exceeded search pattern filesize limit: ERR1755082_2_test_fastqc.html
[2020-09-29 11:39:54,465] multiqc                                            [DEBUG  ]  File ignored by rseqc/read_distribution because it exceeded search pattern filesize limit: ERR1755082_2_test_fastqc.html
[2020-09-29 11:39:54,465] multiqc                                            [DEBUG  ]  File ignored by rseqc/infer_experiment because it exceeded search pattern filesize limit: ERR1755082_2_test_fastqc.html
[2020-09-29 11:39:54,542] multiqc                                            [DEBUG  ]  File ignored by hicexplorer because it exceeded search pattern filesize limit: ERR1755085_2_test_fastqc.html
[2020-09-29 11:39:54,548] multiqc                                            [DEBUG  ]  File ignored by longranger/invocation because it exceeded search pattern filesize limit: ERR1755085_2_test_fastqc.html
[2020-09-29 11:39:54,548] multiqc                                            [DEBUG  ]  File ignored by rockhopper because it exceeded search pattern filesize limit: ERR1755085_2_test_fastqc.html
[2020-09-29 11:39:54,548] multiqc                                            [DEBUG  ]  File ignored by rseqc/bam_stat because it exceeded search pattern filesize limit: ERR1755085_2_test_fastqc.html
[2020-09-29 11:39:54,548] multiqc                                            [DEBUG  ]  File ignored by rseqc/junction_annotation because it exceeded search pattern filesize limit: ERR1755085_2_test_fastqc.html
[2020-09-29 11:39:54,548] multiqc                                            [DEBUG  ]  File ignored by rseqc/read_distribution because it exceeded search pattern filesize limit: ERR1755085_2_test_fastqc.html
[2020-09-29 11:39:54,548] multiqc                                            [DEBUG  ]  File ignored by rseqc/infer_experiment because it exceeded search pattern filesize limit: ERR1755085_2_test_fastqc.html
[2020-09-29 11:39:54,625] multiqc                                            [DEBUG  ]  File ignored by hicexplorer because it exceeded search pattern filesize limit: ERR1755089_1_test_fastqc.html
[2020-09-29 11:39:54,630] multiqc                                            [DEBUG  ]  File ignored by longranger/invocation because it exceeded search pattern filesize limit: ERR1755089_1_test_fastqc.html
[2020-09-29 11:39:54,630] multiqc                                            [DEBUG  ]  File ignored by rockhopper because it exceeded search pattern filesize limit: ERR1755089_1_test_fastqc.html
[2020-09-29 11:39:54,630] multiqc                                            [DEBUG  ]  File ignored by rseqc/bam_stat because it exceeded search pattern filesize limit: ERR1755089_1_test_fastqc.html
[2020-09-29 11:39:54,630] multiqc                                            [DEBUG  ]  File ignored by rseqc/junction_annotation because it exceeded search pattern filesize limit: ERR1755089_1_test_fastqc.html
[2020-09-29 11:39:54,630] multiqc                                            [DEBUG  ]  File ignored by rseqc/read_distribution because it exceeded search pattern filesize limit: ERR1755089_1_test_fastqc.html
[2020-09-29 11:39:54,630] multiqc                                            [DEBUG  ]  File ignored by rseqc/infer_experiment because it exceeded search pattern filesize limit: ERR1755089_1_test_fastqc.html
[2020-09-29 11:39:54,705] multiqc                                            [DEBUG  ]  File ignored by hicexplorer because it exceeded search pattern filesize limit: ERR1755088_1_test_fastqc.html
[2020-09-29 11:39:54,710] multiqc                                            [DEBUG  ]  File ignored by longranger/invocation because it exceeded search pattern filesize limit: ERR1755088_1_test_fastqc.html
[2020-09-29 11:39:54,710] multiqc                                            [DEBUG  ]  File ignored by rockhopper because it exceeded search pattern filesize limit: ERR1755088_1_test_fastqc.html
[2020-09-29 11:39:54,711] multiqc                                            [DEBUG  ]  File ignored by rseqc/bam_stat because it exceeded search pattern filesize limit: ERR1755088_1_test_fastqc.html
[2020-09-29 11:39:54,711] multiqc                                            [DEBUG  ]  File ignored by rseqc/junction_annotation because it exceeded search pattern filesize limit: ERR1755088_1_test_fastqc.html
[2020-09-29 11:39:54,711] multiqc                                            [DEBUG  ]  File ignored by rseqc/read_distribution because it exceeded search pattern filesize limit: ERR1755088_1_test_fastqc.html
[2020-09-29 11:39:54,711] multiqc                                            [DEBUG  ]  File ignored by rseqc/infer_experiment because it exceeded search pattern filesize limit: ERR1755088_1_test_fastqc.html
[2020-09-29 11:39:54,792] multiqc                                            [DEBUG  ]  File ignored by hicexplorer because it exceeded search pattern filesize limit: ERR1755082_1_test_fastqc.html
[2020-09-29 11:39:54,798] multiqc                                            [DEBUG  ]  File ignored by longranger/invocation because it exceeded search pattern filesize limit: ERR1755082_1_test_fastqc.html
[2020-09-29 11:39:54,798] multiqc                                            [DEBUG  ]  File ignored by rockhopper because it exceeded search pattern filesize limit: ERR1755082_1_test_fastqc.html
[2020-09-29 11:39:54,798] multiqc                                            [DEBUG  ]  File ignored by rseqc/bam_stat because it exceeded search pattern filesize limit: ERR1755082_1_test_fastqc.html
[2020-09-29 11:39:54,798] multiqc                                            [DEBUG  ]  File ignored by rseqc/junction_annotation because it exceeded search pattern filesize limit: ERR1755082_1_test_fastqc.html
[2020-09-29 11:39:54,798] multiqc                                            [DEBUG  ]  File ignored by rseqc/read_distribution because it exceeded search pattern filesize limit: ERR1755082_1_test_fastqc.html
[2020-09-29 11:39:54,798] multiqc                                            [DEBUG  ]  File ignored by rseqc/infer_experiment because it exceeded search pattern filesize limit: ERR1755082_1_test_fastqc.html
[2020-09-29 11:39:54,878] multiqc                                            [DEBUG  ]  File ignored by hicexplorer because it exceeded search pattern filesize limit: ERR1755086_1_test_fastqc.html
[2020-09-29 11:39:54,885] multiqc                                            [DEBUG  ]  File ignored by longranger/invocation because it exceeded search pattern filesize limit: ERR1755086_1_test_fastqc.html
[2020-09-29 11:39:54,885] multiqc                                            [DEBUG  ]  File ignored by rockhopper because it exceeded search pattern filesize limit: ERR1755086_1_test_fastqc.html
[2020-09-29 11:39:54,885] multiqc                                            [DEBUG  ]  File ignored by rseqc/bam_stat because it exceeded search pattern filesize limit: ERR1755086_1_test_fastqc.html
[2020-09-29 11:39:54,885] multiqc                                            [DEBUG  ]  File ignored by rseqc/junction_annotation because it exceeded search pattern filesize limit: ERR1755086_1_test_fastqc.html
[2020-09-29 11:39:54,885] multiqc                                            [DEBUG  ]  File ignored by rseqc/read_distribution because it exceeded search pattern filesize limit: ERR1755086_1_test_fastqc.html
[2020-09-29 11:39:54,886] multiqc                                            [DEBUG  ]  File ignored by rseqc/infer_experiment because it exceeded search pattern filesize limit: ERR1755086_1_test_fastqc.html
[2020-09-29 11:39:54,965] multiqc                                            [DEBUG  ]  File ignored by hicexplorer because it exceeded search pattern filesize limit: ERR1755086_2_test_fastqc.html
[2020-09-29 11:39:54,973] multiqc                                            [DEBUG  ]  File ignored by longranger/invocation because it exceeded search pattern filesize limit: ERR1755086_2_test_fastqc.html
[2020-09-29 11:39:54,973] multiqc                                            [DEBUG  ]  File ignored by rockhopper because it exceeded search pattern filesize limit: ERR1755086_2_test_fastqc.html
[2020-09-29 11:39:54,973] multiqc                                            [DEBUG  ]  File ignored by rseqc/bam_stat because it exceeded search pattern filesize limit: ERR1755086_2_test_fastqc.html
[2020-09-29 11:39:54,973] multiqc                                            [DEBUG  ]  File ignored by rseqc/junction_annotation because it exceeded search pattern filesize limit: ERR1755086_2_test_fastqc.html
[2020-09-29 11:39:54,973] multiqc                                            [DEBUG  ]  File ignored by rseqc/read_distribution because it exceeded search pattern filesize limit: ERR1755086_2_test_fastqc.html
[2020-09-29 11:39:54,973] multiqc                                            [DEBUG  ]  File ignored by rseqc/infer_experiment because it exceeded search pattern filesize limit: ERR1755086_2_test_fastqc.html
[2020-09-29 11:39:55,051] multiqc                                            [DEBUG  ]  File ignored by hicexplorer because it exceeded search pattern filesize limit: ERR1755089_2_test_fastqc.html
[2020-09-29 11:39:55,057] multiqc                                            [DEBUG  ]  File ignored by longranger/invocation because it exceeded search pattern filesize limit: ERR1755089_2_test_fastqc.html
[2020-09-29 11:39:55,057] multiqc                                            [DEBUG  ]  File ignored by rockhopper because it exceeded search pattern filesize limit: ERR1755089_2_test_fastqc.html
[2020-09-29 11:39:55,057] multiqc                                            [DEBUG  ]  File ignored by rseqc/bam_stat because it exceeded search pattern filesize limit: ERR1755089_2_test_fastqc.html
[2020-09-29 11:39:55,057] multiqc                                            [DEBUG  ]  File ignored by rseqc/junction_annotation because it exceeded search pattern filesize limit: ERR1755089_2_test_fastqc.html
[2020-09-29 11:39:55,057] multiqc                                            [DEBUG  ]  File ignored by rseqc/read_distribution because it exceeded search pattern filesize limit: ERR1755089_2_test_fastqc.html
[2020-09-29 11:39:55,057] multiqc                                            [DEBUG  ]  File ignored by rseqc/infer_experiment because it exceeded search pattern filesize limit: ERR1755089_2_test_fastqc.html
[2020-09-29 11:39:55,137] multiqc                                            [DEBUG  ]  File ignored by hicexplorer because it exceeded search pattern filesize limit: ERR1755087_1_test_fastqc.html
[2020-09-29 11:39:55,143] multiqc                                            [DEBUG  ]  File ignored by longranger/invocation because it exceeded search pattern filesize limit: ERR1755087_1_test_fastqc.html
[2020-09-29 11:39:55,143] multiqc                                            [DEBUG  ]  File ignored by rockhopper because it exceeded search pattern filesize limit: ERR1755087_1_test_fastqc.html
[2020-09-29 11:39:55,144] multiqc                                            [DEBUG  ]  File ignored by rseqc/bam_stat because it exceeded search pattern filesize limit: ERR1755087_1_test_fastqc.html
[2020-09-29 11:39:55,144] multiqc                                            [DEBUG  ]  File ignored by rseqc/junction_annotation because it exceeded search pattern filesize limit: ERR1755087_1_test_fastqc.html
[2020-09-29 11:39:55,144] multiqc                                            [DEBUG  ]  File ignored by rseqc/read_distribution because it exceeded search pattern filesize limit: ERR1755087_1_test_fastqc.html
[2020-09-29 11:39:55,144] multiqc                                            [DEBUG  ]  File ignored by rseqc/infer_experiment because it exceeded search pattern filesize limit: ERR1755087_1_test_fastqc.html
[2020-09-29 11:39:55,219] multiqc                                            [DEBUG  ]  File ignored by hicexplorer because it exceeded search pattern filesize limit: ERR1755088_2_test_fastqc.html
[2020-09-29 11:39:55,224] multiqc                                            [DEBUG  ]  File ignored by longranger/invocation because it exceeded search pattern filesize limit: ERR1755088_2_test_fastqc.html
[2020-09-29 11:39:55,224] multiqc                                            [DEBUG  ]  File ignored by rockhopper because it exceeded search pattern filesize limit: ERR1755088_2_test_fastqc.html
[2020-09-29 11:39:55,224] multiqc                                            [DEBUG  ]  File ignored by rseqc/bam_stat because it exceeded search pattern filesize limit: ERR1755088_2_test_fastqc.html
[2020-09-29 11:39:55,224] multiqc                                            [DEBUG  ]  File ignored by rseqc/junction_annotation because it exceeded search pattern filesize limit: ERR1755088_2_test_fastqc.html
[2020-09-29 11:39:55,224] multiqc                                            [DEBUG  ]  File ignored by rseqc/read_distribution because it exceeded search pattern filesize limit: ERR1755088_2_test_fastqc.html
[2020-09-29 11:39:55,224] multiqc                                            [DEBUG  ]  File ignored by rseqc/infer_experiment because it exceeded search pattern filesize limit: ERR1755088_2_test_fastqc.html
[2020-09-29 11:39:55,301] multiqc                                            [DEBUG  ]  File ignored by hicexplorer because it exceeded search pattern filesize limit: ERR1755084_2_test_fastqc.html
[2020-09-29 11:39:55,307] multiqc                                            [DEBUG  ]  File ignored by longranger/invocation because it exceeded search pattern filesize limit: ERR1755084_2_test_fastqc.html
[2020-09-29 11:39:55,307] multiqc                                            [DEBUG  ]  File ignored by rockhopper because it exceeded search pattern filesize limit: ERR1755084_2_test_fastqc.html
[2020-09-29 11:39:55,307] multiqc                                            [DEBUG  ]  File ignored by rseqc/bam_stat because it exceeded search pattern filesize limit: ERR1755084_2_test_fastqc.html
[2020-09-29 11:39:55,307] multiqc                                            [DEBUG  ]  File ignored by rseqc/junction_annotation because it exceeded search pattern filesize limit: ERR1755084_2_test_fastqc.html
[2020-09-29 11:39:55,307] multiqc                                            [DEBUG  ]  File ignored by rseqc/read_distribution because it exceeded search pattern filesize limit: ERR1755084_2_test_fastqc.html
[2020-09-29 11:39:55,307] multiqc                                            [DEBUG  ]  File ignored by rseqc/infer_experiment because it exceeded search pattern filesize limit: ERR1755084_2_test_fastqc.html
[2020-09-29 11:39:55,386] multiqc                                            [DEBUG  ]  File ignored by hicexplorer because it exceeded search pattern filesize limit: ERR1755085_1_test_fastqc.html
[2020-09-29 11:39:55,392] multiqc                                            [DEBUG  ]  File ignored by longranger/invocation because it exceeded search pattern filesize limit: ERR1755085_1_test_fastqc.html
[2020-09-29 11:39:55,392] multiqc                                            [DEBUG  ]  File ignored by rockhopper because it exceeded search pattern filesize limit: ERR1755085_1_test_fastqc.html
[2020-09-29 11:39:55,392] multiqc                                            [DEBUG  ]  File ignored by rseqc/bam_stat because it exceeded search pattern filesize limit: ERR1755085_1_test_fastqc.html
[2020-09-29 11:39:55,392] multiqc                                            [DEBUG  ]  File ignored by rseqc/junction_annotation because it exceeded search pattern filesize limit: ERR1755085_1_test_fastqc.html
[2020-09-29 11:39:55,392] multiqc                                            [DEBUG  ]  File ignored by rseqc/read_distribution because it exceeded search pattern filesize limit: ERR1755085_1_test_fastqc.html
[2020-09-29 11:39:55,392] multiqc                                            [DEBUG  ]  File ignored by rseqc/infer_experiment because it exceeded search pattern filesize limit: ERR1755085_1_test_fastqc.html
[2020-09-29 11:39:55,838] multiqc.plots.bargraph                             [DEBUG  ]  Using matplotlib version 3.3.2
[2020-09-29 11:39:55,839] multiqc.plots.linegraph                            [DEBUG  ]  Using matplotlib version 3.3.2
[2020-09-29 11:39:55,841] multiqc                                            [DEBUG  ]  No samples found: custom_content
[2020-09-29 11:39:55,847] multiqc                                            [DEBUG  ]  No samples found: conpair
[2020-09-29 11:39:55,852] multiqc                                            [DEBUG  ]  No samples found: peddy
[2020-09-29 11:39:55,857] multiqc                                            [DEBUG  ]  No samples found: somalier
[2020-09-29 11:39:55,863] multiqc                                            [DEBUG  ]  No samples found: methylQA
[2020-09-29 11:39:55,871] multiqc                                            [DEBUG  ]  No samples found: mosdepth
[2020-09-29 11:39:55,876] multiqc                                            [DEBUG  ]  No samples found: phantompeakqualtools
[2020-09-29 11:39:55,879] multiqc                                            [DEBUG  ]  No samples found: qualimap
[2020-09-29 11:39:55,884] multiqc                                            [DEBUG  ]  No samples found: preseq
[2020-09-29 11:39:55,890] multiqc                                            [DEBUG  ]  No samples found: quast
[2020-09-29 11:39:55,895] multiqc                                            [DEBUG  ]  No samples found: qorts
[2020-09-29 11:39:55,900] multiqc                                            [DEBUG  ]  No samples found: rna_seqc
[2020-09-29 11:39:55,905] multiqc                                            [DEBUG  ]  No samples found: rockhopper
[2020-09-29 11:39:55,911] multiqc                                            [DEBUG  ]  No samples found: rsem
[2020-09-29 11:39:55,924] multiqc                                            [DEBUG  ]  No samples found: rseqc
[2020-09-29 11:39:55,929] multiqc                                            [DEBUG  ]  No samples found: busco
[2020-09-29 11:39:55,934] multiqc                                            [DEBUG  ]  No samples found: goleft_indexcov
[2020-09-29 11:39:55,939] multiqc                                            [DEBUG  ]  No samples found: disambiguate
[2020-09-29 11:39:55,944] multiqc                                            [DEBUG  ]  No samples found: supernova
[2020-09-29 11:39:55,958] multiqc                                            [DEBUG  ]  No samples found: deeptools
[2020-09-29 11:39:55,964] multiqc                                            [DEBUG  ]  No samples found: sargasso
[2020-09-29 11:39:55,969] multiqc                                            [DEBUG  ]  No samples found: verifybamid
[2020-09-29 11:39:55,974] multiqc                                            [DEBUG  ]  No samples found: mirtrace
[2020-09-29 11:39:55,979] multiqc                                            [DEBUG  ]  No samples found: happy
[2020-09-29 11:39:55,984] multiqc                                            [DEBUG  ]  No samples found: mirtop
[2020-09-29 11:39:55,991] multiqc                                            [DEBUG  ]  No samples found: homer
[2020-09-29 11:39:55,996] multiqc                                            [DEBUG  ]  No samples found: macs2
[2020-09-29 11:39:56,001] multiqc                                            [DEBUG  ]  No samples found: theta2
[2020-09-29 11:39:56,007] multiqc                                            [DEBUG  ]  No samples found: snpeff
[2020-09-29 11:39:56,014] multiqc                                            [DEBUG  ]  No samples found: gatk
[2020-09-29 11:39:56,019] multiqc                                            [DEBUG  ]  No samples found: htseq
[2020-09-29 11:39:56,025] multiqc                                            [DEBUG  ]  No samples found: bcftools
[2020-09-29 11:39:56,031] multiqc                                            [DEBUG  ]  No samples found: featureCounts
[2020-09-29 11:39:56,038] multiqc                                            [DEBUG  ]  No samples found: fgbio
[2020-09-29 11:39:56,049] multiqc                                            [DEBUG  ]  No samples found: dragen
[2020-09-29 11:39:56,054] multiqc                                            [DEBUG  ]  No samples found: dedup
[2020-09-29 11:39:56,059] multiqc                                            [DEBUG  ]  No samples found: damageprofiler
[2020-09-29 11:39:56,081] multiqc                                            [DEBUG  ]  No samples found: biobambam2
[2020-09-29 11:39:56,086] multiqc                                            [DEBUG  ]  No samples found: mtnucratio
[2020-09-29 11:39:56,088] multiqc                                            [DEBUG  ]  No samples found: picard
[2020-09-29 11:39:56,094] multiqc                                            [DEBUG  ]  No samples found: prokka
[2020-09-29 11:39:56,099] multiqc                                            [DEBUG  ]  No samples found: samblaster
[2020-09-29 11:39:56,107] multiqc                                            [DEBUG  ]  No samples found: samtools
[2020-09-29 11:39:56,112] multiqc                                            [DEBUG  ]  No samples found: sexdeterrmine
[2020-09-29 11:39:56,118] multiqc                                            [DEBUG  ]  No samples found: bamtools
[2020-09-29 11:39:56,123] multiqc                                            [DEBUG  ]  No samples found: jellyfish
[2020-09-29 11:39:56,131] multiqc                                            [DEBUG  ]  No samples found: vcftools
[2020-09-29 11:39:56,139] multiqc                                            [DEBUG  ]  No samples found: longranger
[2020-09-29 11:39:56,144] multiqc                                            [DEBUG  ]  No samples found: stacks
[2020-09-29 11:39:56,149] multiqc                                            [DEBUG  ]  No samples found: varscan2
[2020-09-29 11:39:56,163] multiqc                                            [DEBUG  ]  No samples found: bbmap
[2020-09-29 11:39:56,171] multiqc                                            [DEBUG  ]  No samples found: bismark
[2020-09-29 11:39:56,177] multiqc                                            [DEBUG  ]  No samples found: biscuit
[2020-09-29 11:39:56,182] multiqc                                            [DEBUG  ]  No samples found: hicexplorer
[2020-09-29 11:39:56,187] multiqc                                            [DEBUG  ]  No samples found: hicup
[2020-09-29 11:39:56,193] multiqc                                            [DEBUG  ]  No samples found: hicpro
[2020-09-29 11:39:56,201] multiqc                                            [DEBUG  ]  No samples found: salmon
[2020-09-29 11:39:56,206] multiqc                                            [DEBUG  ]  No samples found: kallisto
[2020-09-29 11:39:56,211] multiqc                                            [DEBUG  ]  No samples found: slamdunk
[2020-09-29 11:39:56,217] multiqc                                            [DEBUG  ]  No samples found: star
[2020-09-29 11:39:56,222] multiqc                                            [DEBUG  ]  No samples found: hisat2
[2020-09-29 11:39:56,228] multiqc                                            [DEBUG  ]  No samples found: tophat
[2020-09-29 11:39:56,233] multiqc                                            [DEBUG  ]  No samples found: bowtie2
[2020-09-29 11:39:56,238] multiqc                                            [DEBUG  ]  No samples found: bowtie1
[2020-09-29 11:39:56,243] multiqc                                            [DEBUG  ]  No samples found: snpsplit
[2020-09-29 11:39:56,249] multiqc                                            [DEBUG  ]  No samples found: kat
[2020-09-29 11:39:56,254] multiqc                                            [DEBUG  ]  No samples found: leehom
[2020-09-29 11:39:56,259] multiqc                                            [DEBUG  ]  No samples found: adapterRemoval
[2020-09-29 11:39:56,265] multiqc                                            [DEBUG  ]  No samples found: clipandmerge
[2020-09-29 11:39:56,270] multiqc                                            [DEBUG  ]  No samples found: cutadapt
[2020-09-29 11:39:56,275] multiqc                                            [DEBUG  ]  No samples found: flexbar
[2020-09-29 11:39:56,280] multiqc                                            [DEBUG  ]  No samples found: kaiju
[2020-09-29 11:39:56,285] multiqc                                            [DEBUG  ]  No samples found: kraken
[2020-09-29 11:39:56,292] multiqc                                            [DEBUG  ]  No samples found: malt
[2020-09-29 11:39:56,297] multiqc                                            [DEBUG  ]  No samples found: trimmomatic
[2020-09-29 11:39:56,302] multiqc                                            [DEBUG  ]  No samples found: sickle
[2020-09-29 11:39:56,307] multiqc                                            [DEBUG  ]  No samples found: skewer
[2020-09-29 11:39:56,311] multiqc                                            [DEBUG  ]  No samples found: sortmerna
[2020-09-29 11:39:56,316] multiqc                                            [DEBUG  ]  No samples found: biobloomtools
[2020-09-29 11:39:56,321] multiqc                                            [DEBUG  ]  No samples found: fastq_screen
[2020-09-29 11:39:56,326] multiqc                                            [DEBUG  ]  No samples found: afterqc
[2020-09-29 11:39:56,331] multiqc                                            [DEBUG  ]  No samples found: fastp
[2020-09-29 11:39:56,374] multiqc.modules.fastqc.fastqc                      [INFO   ]  Found 14 reports
[2020-09-29 11:39:56,457] multiqc                                            [DEBUG  ]  No samples found: pycoqc
[2020-09-29 11:39:56,462] multiqc                                            [DEBUG  ]  No samples found: minionqc
[2020-09-29 11:39:56,467] multiqc                                            [DEBUG  ]  No samples found: multivcfanalyzer
[2020-09-29 11:39:56,473] multiqc                                            [DEBUG  ]  No samples found: clusterflow
[2020-09-29 11:39:56,478] multiqc                                            [DEBUG  ]  No samples found: bcl2fastq
[2020-09-29 11:39:56,483] multiqc                                            [DEBUG  ]  No samples found: interop
[2020-09-29 11:39:56,488] multiqc                                            [DEBUG  ]  No samples found: ivar
[2020-09-29 11:39:56,493] multiqc                                            [DEBUG  ]  No samples found: flash
[2020-09-29 11:39:56,499] multiqc                                            [DEBUG  ]  No samples found: seqyclean
[2020-09-29 11:39:56,515] multiqc                                            [INFO   ]  Compressing plot data
[2020-09-29 11:39:56,619] multiqc                                            [INFO   ]  Report      : fastqc/multiqc_report.html
[2020-09-29 11:39:56,619] multiqc                                            [INFO   ]  Data        : fastqc/multiqc_report_data
[2020-09-29 11:39:56,619] multiqc                                            [DEBUG  ]  Moving data file from '/tmp/andres/ctmph1evxw1j/tmpnbrs9q34/multiqc_data' to '/ifs/obds-training/sep20/andres/pipeline/rnaseq_pipeline/fastqc/multiqc_report_data'
[2020-09-29 11:39:56,757] multiqc                                            [INFO   ]  MultiQC complete
